<?xml version="1.0" encoding="UTF-8"?>
<testsuite xmlns:xsi="http://www.w3.org/2001/XMLSchema-instance" xsi:noNamespaceSchemaLocation="https://maven.apache.org/surefire/maven-surefire-plugin/xsd/surefire-test-report.xsd" name="com.example.AppTest" time="0.05" tests="4" errors="0" skipped="0" failures="0">
  <properties>
    <property name="java.specification.version" value="17"/>
    <property name="sun.cpu.isalist" value="amd64"/>
    <property name="sun.jnu.encoding" value="Cp1252"/>
    <property name="java.class.path" value="C:\Users\math\Documents\codeboxx\Rocket-Elevators-Java-Controller\target\test-classes;C:\Users\math\Documents\codeboxx\Rocket-Elevators-Java-Controller\target\classes;C:\Users\math\.m2\repository\junit\junit\4.11\junit-4.11.jar;C:\Users\math\.m2\repository\org\hamcrest\hamcrest-core\1.3\hamcrest-core-1.3.jar;"/>
    <property name="java.vm.vendor" value="Oracle Corporation"/>
    <property name="sun.arch.data.model" value="64"/>
    <property name="user.variant" value=""/>
    <property name="java.vendor.url" value="https://java.oracle.com/"/>
    <property name="user.timezone" value="America/Toronto"/>
    <property name="os.name" value="Windows 10"/>
    <property name="java.vm.specification.version" value="17"/>
    <property name="sun.java.launcher" value="SUN_STANDARD"/>
    <property name="user.country" value="CA"/>
    <property name="sun.boot.library.path" value="C:\Program Files\Java\jdk-17.0.1\bin"/>
    <property name="sun.java.command" value="C:\Users\math\AppData\Local\Temp\surefire17535381205139246823\surefirebooter4842433958622861186.jar C:\Users\math\AppData\Local\Temp\surefire17535381205139246823 2021-10-22T18-25-30_863-jvmRun1 surefire16506671254947348123tmp surefire_014805083340849234191tmp"/>
    <property name="jdk.debug" value="release"/>
    <property name="surefire.test.class.path" value="C:\Users\math\Documents\codeboxx\Rocket-Elevators-Java-Controller\target\test-classes;C:\Users\math\Documents\codeboxx\Rocket-Elevators-Java-Controller\target\classes;C:\Users\math\.m2\repository\junit\junit\4.11\junit-4.11.jar;C:\Users\math\.m2\repository\org\hamcrest\hamcrest-core\1.3\hamcrest-core-1.3.jar;"/>
    <property name="sun.cpu.endian" value="little"/>
    <property name="user.home" value="C:\Users\math"/>
    <property name="user.language" value="fr"/>
    <property name="java.specification.vendor" value="Oracle Corporation"/>
    <property name="java.version.date" value="2021-10-19"/>
    <property name="java.home" value="C:\Program Files\Java\jdk-17.0.1"/>
    <property name="file.separator" value="\"/>
    <property name="basedir" value="C:\Users\math\Documents\codeboxx\Rocket-Elevators-Java-Controller"/>
    <property name="java.vm.compressedOopsMode" value="Zero based"/>
    <property name="line.separator" value="&#10;"/>
    <property name="java.vm.specification.vendor" value="Oracle Corporation"/>
    <property name="java.specification.name" value="Java Platform API Specification"/>
    <property name="surefire.real.class.path" value="C:\Users\math\AppData\Local\Temp\surefire17535381205139246823\surefirebooter4842433958622861186.jar"/>
    <property name="user.script" value=""/>
    <property name="sun.management.compiler" value="HotSpot 64-Bit Tiered Compilers"/>
    <property name="java.runtime.version" value="17.0.1+12-LTS-39"/>
    <property name="user.name" value="math"/>
    <property name="path.separator" value=";"/>
    <property name="os.version" value="10.0"/>
    <property name="java.runtime.name" value="Java(TM) SE Runtime Environment"/>
    <property name="file.encoding" value="Cp1252"/>
    <property name="java.vm.name" value="Java HotSpot(TM) 64-Bit Server VM"/>
    <property name="localRepository" value="C:\Users\math\.m2\repository"/>
    <property name="java.vendor.url.bug" value="https://bugreport.java.com/bugreport/"/>
    <property name="java.io.tmpdir" value="C:\Users\math\AppData\Local\Temp\"/>
    <property name="java.version" value="17.0.1"/>
    <property name="user.dir" value="C:\Users\math\Documents\codeboxx\Rocket-Elevators-Java-Controller"/>
    <property name="os.arch" value="amd64"/>
    <property name="java.vm.specification.name" value="Java Virtual Machine Specification"/>
    <property name="sun.os.patch.level" value=""/>
    <property name="native.encoding" value="Cp1252"/>
    <property name="java.library.path" value="C:\Program Files\Java\jdk-17.0.1\bin;C:\WINDOWS\Sun\Java\bin;C:\WINDOWS\system32;C:\WINDOWS;C:\Program Files\Git\mingw64\bin;C:\Program Files\Git\usr\bin;C:\Users\math\bin;C:\Program Files\Common Files\Oracle\Java\javapath;C:\Program Files (x86)\Intel\Intel(R) Management Engine Components\iCLS;C:\Program Files\Intel\Intel(R) Management Engine Components\iCLS;C:\Windows\system32;C:\Windows;C:\Windows\System32\Wbem;C:\Windows\System32\WindowsPowerShell\v1.0;C:\Windows\System32\OpenSSH;C:\Program Files (x86)\NVIDIA Corporation\PhysX\Common;C:\Program Files\NVIDIA Corporation\NVIDIA NvDLISR;C:\Program Files (x86)\Intel\Intel(R) Management Engine Components\DAL;C:\Program Files\Intel\Intel(R) Management Engine Components\DAL;C:\WINDOWS\system32;C:\WINDOWS;C:\WINDOWS\System32\Wbem;C:\WINDOWS\System32\WindowsPowerShell\v1.0;C:\WINDOWS\System32\OpenSSH;C:\Program Files\Intel\WiFi\bin;C:\Program Files\Common Files\Intel\WirelessCommon;C:\Program Files\dotnet;C:\Program Files\Git\cmd;C:\Users\math\AppData\Roaming\nvm;C:\Program Files\nodejs;C:\Program Files (x86)\HP\Common\HPDestPlgIn;C:\WINDOWS\system32;C:\WINDOWS;C:\WINDOWS\System32\Wbem;C:\WINDOWS\System32\WindowsPowerShell\v1.0;C:\WINDOWS\System32\OpenSSH;C:\Program Files\TortoiseSVN\bin;C:\Ruby30-x64\bin;%MSYSGIT_BIN%;C:\Users\math\anaconda3\condabin;C:\Program Files\Go\bin;C:\Program Files\Java\jdk-17.0.1\bin;C:\Users\math\apache-maven-3.8.3-bin\apache-maven-3.8.3\bin;C:\Ruby30-x64\bin;C:\Users\math\AppData\Local\Microsoft\WindowsApps;C:\Users\math\AppData\Local\GitHubDesktop\bin;C:\Users\math\AppData\Local\Programs\Microsoft VS Code\bin;C:\Users\math\AppData\Roaming\nvm;C:\Program Files\nodejs;C:\Program Files (x86)\HP\Common\HPDestPlgIn;C:\Users\math\.dotnet\tools;C:\Users\math\AppData\Local\Microsoft\WindowsApps;C:\Exercism;C:\Program Files\heroku\bin;C:\Users\math\go\bin;C:\Users\math\.dotnet\tools;."/>
    <property name="java.vm.info" value="mixed mode, sharing"/>
    <property name="java.vendor" value="Oracle Corporation"/>
    <property name="java.vm.version" value="17.0.1+12-LTS-39"/>
    <property name="sun.io.unicode.encoding" value="UnicodeLittle"/>
    <property name="java.class.version" value="61.0"/>
  </properties>
  <testcase name="TestScenario1" classname="com.example.AppTest" time="0.014"/>
  <testcase name="TestScenario2" classname="com.example.AppTest" time="0"/>
  <testcase name="TestScenario3" classname="com.example.AppTest" time="0"/>
  <testcase name="TestScenario4" classname="com.example.AppTest" time="0"/>
</testsuite>